<?xml version="1.0" encoding="UTF-8" ?>
<testsuite failures="0" time="0.003" errors="0" skipped="0" tests="1" name="it.geosolutions.geoserver.rest.GeoServerRESTClassTest">
  <properties>
    <property name="java.runtime.name" value="Java(TM) SE Runtime Environment"/>
    <property name="sun.boot.library.path" value="/System/Library/Java/JavaVirtualMachines/1.6.0.jdk/Contents/Libraries"/>
    <property name="java.vm.version" value="20.65-b04-466.1"/>
    <property name="awt.nativeDoubleBuffering" value="true"/>
    <property name="gopherProxySet" value="false"/>
    <property name="mrj.build" value="11M4716"/>
    <property name="java.vm.vendor" value="Apple Inc."/>
    <property name="java.vendor.url" value="http://www.apple.com/"/>
    <property name="path.separator" value=":"/>
    <property name="java.vm.name" value="Java HotSpot(TM) 64-Bit Server VM"/>
    <property name="file.encoding.pkg" value="sun.io"/>
    <property name="user.country" value="US"/>
    <property name="sun.java.launcher" value="SUN_STANDARD"/>
    <property name="sun.os.patch.level" value="unknown"/>
    <property name="java.vm.specification.name" value="Java Virtual Machine Specification"/>
    <property name="user.dir" value="/Users/arthurfernandes/Documents/Storage/Dropbox (Personal)/pfc/Projeto/PFC_IME/lib/geoserver-manager"/>
    <property name="java.runtime.version" value="1.6.0_65-b14-466.1-11M4716"/>
    <property name="java.awt.graphicsenv" value="apple.awt.CGraphicsEnvironment"/>
    <property name="basedir" value="/Users/arthurfernandes/Documents/Storage/Dropbox (Personal)/pfc/Projeto/PFC_IME/lib/geoserver-manager"/>
    <property name="java.endorsed.dirs" value="/System/Library/Java/JavaVirtualMachines/1.6.0.jdk/Contents/Home/lib/endorsed"/>
    <property name="os.arch" value="x86_64"/>
    <property name="surefire.real.class.path" value="/var/folders/zz/zyxvpxvq6csfxvn_n0000000000000/T/surefirebooter5360401882602467022.jar"/>
    <property name="java.io.tmpdir" value="/var/folders/zz/zyxvpxvq6csfxvn_n0000000000000/T/"/>
    <property name="line.separator" value="
"/>
    <property name="java.vm.specification.vendor" value="Sun Microsystems Inc."/>
    <property name="os.name" value="Mac OS X"/>
    <property name="sun.jnu.encoding" value="MacRoman"/>
    <property name="java.library.path" value=".:/Library/Java/Extensions:/System/Library/Java/Extensions:/usr/lib/java"/>
    <property name="surefire.test.class.path" value="/Users/arthurfernandes/Documents/Storage/Dropbox (Personal)/pfc/Projeto/PFC_IME/lib/geoserver-manager/target/test-classes:/Users/arthurfernandes/Documents/Storage/Dropbox (Personal)/pfc/Projeto/PFC_IME/lib/geoserver-manager/target/classes:/Users/arthurfernandes/.m2/repository/commons-io/commons-io/2.0.1/commons-io-2.0.1.jar:/Users/arthurfernandes/.m2/repository/commons-httpclient/commons-httpclient/3.1/commons-httpclient-3.1.jar:/Users/arthurfernandes/.m2/repository/commons-codec/commons-codec/1.2/commons-codec-1.2.jar:/Users/arthurfernandes/.m2/repository/org/jdom/jdom/1.1/jdom-1.1.jar:/Users/arthurfernandes/.m2/repository/org/slf4j/slf4j-api/1.5.11/slf4j-api-1.5.11.jar:/Users/arthurfernandes/.m2/repository/org/slf4j/jcl-over-slf4j/1.5.11/jcl-over-slf4j-1.5.11.jar:/Users/arthurfernandes/.m2/repository/junit/junit/4.8.2/junit-4.8.2.jar:/Users/arthurfernandes/.m2/repository/org/springframework/spring-core/2.5.6.SEC02/spring-core-2.5.6.SEC02.jar:/Users/arthurfernandes/.m2/repository/org/slf4j/slf4j-log4j12/1.5.11/slf4j-log4j12-1.5.11.jar:/Users/arthurfernandes/.m2/repository/log4j/log4j/1.2.14/log4j-1.2.14.jar:"/>
    <property name="java.specification.name" value="Java Platform API Specification"/>
    <property name="java.class.version" value="50.0"/>
    <property name="sun.management.compiler" value="HotSpot 64-Bit Tiered Compilers"/>
    <property name="os.version" value="10.10.5"/>
    <property name="http.nonProxyHosts" value="local|*.local|169.254/16|*.169.254/16"/>
    <property name="user.home" value="/Users/arthurfernandes"/>
    <property name="user.timezone" value="America/Sao_Paulo"/>
    <property name="java.awt.printerjob" value="apple.awt.CPrinterJob"/>
    <property name="java.specification.version" value="1.6"/>
    <property name="file.encoding" value="MacRoman"/>
    <property name="user.name" value="root"/>
    <property name="java.class.path" value="/Users/arthurfernandes/Documents/Storage/Dropbox (Personal)/pfc/Projeto/PFC_IME/lib/geoserver-manager/target/test-classes:/Users/arthurfernandes/Documents/Storage/Dropbox (Personal)/pfc/Projeto/PFC_IME/lib/geoserver-manager/target/classes:/Users/arthurfernandes/.m2/repository/commons-io/commons-io/2.0.1/commons-io-2.0.1.jar:/Users/arthurfernandes/.m2/repository/commons-httpclient/commons-httpclient/3.1/commons-httpclient-3.1.jar:/Users/arthurfernandes/.m2/repository/commons-codec/commons-codec/1.2/commons-codec-1.2.jar:/Users/arthurfernandes/.m2/repository/org/jdom/jdom/1.1/jdom-1.1.jar:/Users/arthurfernandes/.m2/repository/org/slf4j/slf4j-api/1.5.11/slf4j-api-1.5.11.jar:/Users/arthurfernandes/.m2/repository/org/slf4j/jcl-over-slf4j/1.5.11/jcl-over-slf4j-1.5.11.jar:/Users/arthurfernandes/.m2/repository/junit/junit/4.8.2/junit-4.8.2.jar:/Users/arthurfernandes/.m2/repository/org/springframework/spring-core/2.5.6.SEC02/spring-core-2.5.6.SEC02.jar:/Users/arthurfernandes/.m2/repository/org/slf4j/slf4j-log4j12/1.5.11/slf4j-log4j12-1.5.11.jar:/Users/arthurfernandes/.m2/repository/log4j/log4j/1.2.14/log4j-1.2.14.jar:"/>
    <property name="java.vm.specification.version" value="1.0"/>
    <property name="sun.arch.data.model" value="64"/>
    <property name="java.home" value="/System/Library/Java/JavaVirtualMachines/1.6.0.jdk/Contents/Home"/>
    <property name="sun.java.command" value="/var/folders/zz/zyxvpxvq6csfxvn_n0000000000000/T/surefirebooter5360401882602467022.jar /var/folders/zz/zyxvpxvq6csfxvn_n0000000000000/T/surefire2457905157654780969tmp /var/folders/zz/zyxvpxvq6csfxvn_n0000000000000/T/surefire1065864913690821564tmp"/>
    <property name="java.specification.vendor" value="Sun Microsystems Inc."/>
    <property name="user.language" value="en"/>
    <property name="awt.toolkit" value="apple.awt.CToolkit"/>
    <property name="java.vm.info" value="mixed mode"/>
    <property name="java.version" value="1.6.0_65"/>
    <property name="java.ext.dirs" value="/Library/Java/Extensions:/System/Library/Java/Extensions:/System/Library/Java/JavaVirtualMachines/1.6.0.jdk/Contents/Home/lib/ext"/>
    <property name="sun.boot.class.path" value="/System/Library/Java/JavaVirtualMachines/1.6.0.jdk/Contents/Classes/jsfd.jar:/System/Library/Java/JavaVirtualMachines/1.6.0.jdk/Contents/Classes/classes.jar:/System/Library/Frameworks/JavaVM.framework/Frameworks/JavaRuntimeSupport.framework/Resources/Java/JavaRuntimeSupport.jar:/System/Library/Java/JavaVirtualMachines/1.6.0.jdk/Contents/Classes/ui.jar:/System/Library/Java/JavaVirtualMachines/1.6.0.jdk/Contents/Classes/laf.jar:/System/Library/Java/JavaVirtualMachines/1.6.0.jdk/Contents/Classes/sunrsasign.jar:/System/Library/Java/JavaVirtualMachines/1.6.0.jdk/Contents/Classes/jsse.jar:/System/Library/Java/JavaVirtualMachines/1.6.0.jdk/Contents/Classes/jce.jar:/System/Library/Java/JavaVirtualMachines/1.6.0.jdk/Contents/Classes/charsets.jar"/>
    <property name="java.vendor" value="Apple Inc."/>
    <property name="localRepository" value="/Users/arthurfernandes/.m2/repository"/>
    <property name="file.separator" value="/"/>
    <property name="java.vendor.url.bug" value="http://bugreport.apple.com/"/>
    <property name="sun.cpu.endian" value="little"/>
    <property name="sun.io.unicode.encoding" value="UnicodeLittle"/>
    <property name="mrj.version" value="1070.1.6.0_65-466.1"/>
    <property name="socksNonProxyHosts" value="local|*.local|169.254/16|*.169.254/16"/>
    <property name="ftp.nonProxyHosts" value="local|*.local|169.254/16|*.169.254/16"/>
    <property name="sun.cpu.isalist" value=""/>
  </properties>
  <testcase time="0.001" classname="it.geosolutions.geoserver.rest.GeoServerRESTClassTest" name="testGetLayerGroups"/>
</testsuite>